2024-03-23 09:21:36,785:INFO:Starting ETL process
2024-03-23 09:21:36,786:INFO:Starting data extraction
2024-03-23 09:25:53,835:INFO:Starting ETL process
2024-03-23 09:25:53,837:INFO:Starting data extraction
2024-03-23 09:26:11,472:INFO:Starting ETL process
2024-03-23 09:26:11,472:INFO:Starting data extraction
2024-03-23 09:27:05,044:INFO:Starting ETL process
2024-03-23 09:27:05,044:INFO:Starting data extraction
2024-03-23 09:29:20,448:INFO:Starting ETL process
2024-03-23 09:29:20,449:INFO:Starting data extraction
2024-03-23 09:35:00,995:INFO:Starting ETL process
2024-03-23 09:35:00,995:INFO:Starting data extraction
2024-03-23 09:35:01,311:INFO:Data extraction completed
2024-03-23 09:35:01,312:INFO:Starting data transformation
2024-03-23 09:35:01,557:INFO:Data transformation completed
2024-03-23 09:35:01,557:INFO:Starting data loading
2024-03-23 09:35:01,801:INFO:Data loading completed
2024-03-23 09:35:01,801:INFO:ETL process completed
2024-03-23 09:35:01,802:INFO:Starting file moving
2024-03-23 09:35:01,845:INFO:File moving completed
2024-03-23 09:35:34,096:INFO:Starting ETL process
2024-03-23 09:35:34,096:INFO:Starting data extraction
2024-03-23 09:35:34,147:INFO:Data extraction completed
2024-03-23 09:35:34,147:INFO:Starting data transformation
2024-03-23 09:35:34,156:INFO:Data transformation completed
2024-03-23 09:35:34,156:INFO:Starting data loading
2024-03-23 09:35:34,311:INFO:Data loading completed
2024-03-23 09:35:34,312:INFO:ETL process completed
2024-03-23 09:35:34,313:INFO:Starting file moving
2024-03-23 09:35:34,316:INFO:File moving completed
2024-03-23 11:06:02,236:INFO:Starting ETL process
2024-03-23 11:06:02,268:INFO:Starting data extraction
2024-03-23 11:06:43,810:INFO:Starting ETL process
2024-03-23 11:06:43,810:INFO:Starting data extraction
2024-03-23 11:09:06,743:INFO:Starting ETL process
2024-03-23 11:09:06,743:INFO:Starting data extraction
2024-03-23 11:13:00,336:INFO:Starting ETL process
2024-03-23 11:13:00,337:INFO:Starting data extraction
2024-03-23 11:18:37,438:INFO:Starting ETL process
2024-03-23 11:18:37,438:INFO:Starting data extraction
2024-03-23 11:25:15,547:INFO:Starting ETL process
2024-03-23 11:25:15,547:INFO:Starting data extraction
2024-03-23 11:25:30,352:INFO:Starting ETL process
2024-03-23 11:25:30,353:INFO:Starting data extraction
2024-03-23 11:27:53,416:INFO:Starting ETL process
2024-03-23 11:27:53,416:INFO:Starting data extraction
2024-03-23 11:28:50,818:INFO:Starting ETL process
2024-03-23 11:28:50,818:INFO:Starting data extraction
2024-03-23 11:28:51,994:INFO:Data extraction completed
2024-03-23 11:28:51,994:INFO:Starting data transformation
2024-03-23 11:28:52,224:INFO:Data transformation completed
2024-03-23 11:28:52,224:INFO:Starting data loading
2024-03-23 11:28:52,663:INFO:Data loading completed
2024-03-23 11:28:52,663:INFO:ETL process completed
2024-03-23 11:28:52,664:INFO:Starting file moving
2024-03-23 11:28:52,666:INFO:File moving completed
2024-03-23 11:28:52,667:INFO:Starting downsampling
2024-03-23 11:28:54,547:INFO:Train file created
2024-03-23 11:28:54,628:INFO:Test file created
